https://myanimelist.net/anime/48569/86_Part_2
https://myanimelist.net/anime/35413/Imouto_sae_Ireba_Ii
https://myanimelist.net/anime/13709/Afro_Samurai_Movie
https://myanimelist.net/anime/658/Touhai_Densetsu_Akagi__Yami_ni_Maiorita_Tensai
https://myanimelist.net/anime/24781/Imawa_no_Kuni_no_Alice_OVA
https://myanimelist.net/anime/6547/Angel_Beats
https://myanimelist.net/anime/9989/Ano_Hi_Mita_Hana_no_Namae_wo_Bokutachi_wa_Mada_Shiranai
https://myanimelist.net/anime/24833/Ansatsu_Kyoushitsu
https://myanimelist.net/anime/3901/Baccano_Specials
https://myanimelist.net/anime/7674/Bakuman
https://myanimelist.net/anime/6634/Sengoku_Basara_Ni
https://myanimelist.net/anime/3625/Battle_Royal_High_School
https://myanimelist.net/anime/39195/Beastars
https://myanimelist.net/anime/37716/Beelzebub-jou_no_Okinimesu_mama
https://myanimelist.net/anime/33/Kenpuu_Denki_Berserk
https://myanimelist.net/anime/40031/Mugyutto_Black_Clover
https://myanimelist.net/anime/4901/Black_Lagoon__Robertas_Blood_Trail
https://myanimelist.net/anime/8247/Bleach_Movie_4__Jigoku-hen
https://myanimelist.net/anime/21995/Ao_Haru_Ride
https://myanimelist.net/anime/40060/BNA
https://myanimelist.net/anime/38790/Itai_no_wa_Iya_nano_de_Bougyoryoku_ni_Kyokufuri_Shitai_to_Omoimasu
https://myanimelist.net/anime/1690/Bokura_no
https://myanimelist.net/anime/14345/Btooom
https://myanimelist.net/anime/31478/Bungou_Stray_Dogs
https://myanimelist.net/anime/6372/Higashi_no_Eden_Movie_I__The_King_of_Eden
https://myanimelist.net/anime/36934/Captain_Tsubasa_2018
https://myanimelist.net/anime/372/Cardcaptor_Sakura_Movie_2__Fuuin_Sareta_Card
https://myanimelist.net/anime/235/Detective_Conan
https://myanimelist.net/anime/44511/Chainsaw_Man
https://myanimelist.net/anime/1723/Clannad_Movie
https://myanimelist.net/anime/1818/Claymore
https://myanimelist.net/anime/1575/Code_Geass__Hangyaku_no_Lelouch
https://myanimelist.net/anime/5/Cowboy_Bebop__Tengoku_no_Tobira
https://myanimelist.net/anime/2994/Death_Note__Rewrite
https://myanimelist.net/anime/28223/Death_Parade
https://myanimelist.net/anime/874/Digimon_Tamers
https://myanimelist.net/anime/42361/Ijiranaide_Nagatoro-san
https://myanimelist.net/anime/35654/No_Doubt
https://myanimelist.net/anime/30694/Dragon_Ball_Super
https://myanimelist.net/anime/813/Dragon_Ball_Z
https://myanimelist.net/anime/40852/Dr_Stone__Stone_Wars
https://myanimelist.net/anime/226/Elfen_Lied
https://myanimelist.net/anime/15/Eyeshield_21
https://myanimelist.net/anime/238/Rekka_no_Honoo
https://myanimelist.net/anime/227/FLCL
https://myanimelist.net/anime/38680/Fruits_Basket_1st_Season
https://myanimelist.net/anime/5114/Fullmetal_Alchemist__Brotherhood
https://myanimelist.net/anime/5114/Fullmetal_Alchemist__Brotherhood
https://myanimelist.net/anime/23199/Durararax2_Shou
https://myanimelist.net/anime/384/Gantz
https://myanimelist.net/anime/17895/Golden_Time
https://myanimelist.net/anime/37105/Grand_Blue
https://myanimelist.net/anime/245/Great_Teacher_Onizuka
https://myanimelist.net/anime/2001/Tengen_Toppa_Gurren_Lagann
https://myanimelist.net/anime/20583/Haikyuu
https://myanimelist.net/anime/19647/Hajime_no_Ippo__Rising
https://myanimelist.net/anime/777/Hellsing_Ultimate
https://myanimelist.net/anime/8074/Highschool_of_the_Dead
https://myanimelist.net/anime/11617/High_School_DxD
https://myanimelist.net/anime/11061/Hunter_x_Hunter_2011
https://myanimelist.net/anime/42625/Heion_Sedai_no_Idaten-tachi
https://myanimelist.net/anime/249/InuYasha
https://myanimelist.net/anime/14719/JoJo_no_Kimyou_na_Bouken_TV
https://myanimelist.net/anime/40748/Jujutsu_Kaisen_TV
https://myanimelist.net/anime/48561/Jujutsu_Kaisen_0_Movie
https://myanimelist.net/anime/3002/Gyakkyou_Burai_Kaiji__Ultimate_Survivor
https://myanimelist.net/anime/25681/Kamisama_Hajimemashita◎
https://myanimelist.net/anime/1559/Shijou_Saikyou_no_Deshi_Kenichi
https://myanimelist.net/anime/38000/Kimetsu_no_Yaiba
https://myanimelist.net/anime/479/Ueki_no_Housoku
https://myanimelist.net/anime/19815/No_Game_No_Life
https://myanimelist.net/anime/18195/Little_Busters__Refrain
https://myanimelist.net/anime/36862/Made_in_Abyss_Movie_3__Fukaki_Tamashii_no_Reimei
https://myanimelist.net/anime/33487/Masamune-kun_no_Revenge
https://myanimelist.net/anime/10620/Mirai_Nikki_TV
https://myanimelist.net/anime/37510/Mob_Psycho_100_II
https://myanimelist.net/anime/96/Mobile_Fighter_G_Gundam
https://myanimelist.net/anime/2581/Mobile_Suit_Gundam_00
https://myanimelist.net/anime/93/Mobile_Suit_Gundam_SEED
https://myanimelist.net/anime/94/Mobile_Suit_Gundam_SEED_Destiny
https://myanimelist.net/anime/2273/Mobile_Suit_Gundam_Wing__Endless_Waltz_Special
https://myanimelist.net/anime/14227/Tonari_no_Kaibutsu-kun
https://myanimelist.net/anime/39535/Mushoku_Tensei__Isekai_Ittara_Honki_Dasu
https://myanimelist.net/anime/31964/Boku_no_Hero_Academia
https://myanimelist.net/anime/877/Nana
https://myanimelist.net/anime/1735/Naruto__Shippuuden
https://myanimelist.net/anime/1546/Negima
https://myanimelist.net/anime/30/Neon_Genesis_Evangelion
https://myanimelist.net/anime/43767/Night_Head_2041
https://myanimelist.net/anime/19815/No_Game_No_Life
https://myanimelist.net/anime/48736/Sono_Bisque_Doll_wa_Koi_wo_Suru
https://myanimelist.net/anime/5040/One_Outs
https://myanimelist.net/anime/459/One_Piece_Movie_1
https://myanimelist.net/anime/31772/One_Punch_Man_Specials
https://myanimelist.net/anime/45560/Orient
https://myanimelist.net/anime/22535/Kiseijuu__Sei_no_Kakuritsu
https://myanimelist.net/anime/32485/Prison_School__Mad_Wax
https://myanimelist.net/anime/9756/Mahou_Shoujo_Madoka★Magica
https://myanimelist.net/anime/31240/Re_Zero_kara_Hajimeru_Isekai_Seikatsu
https://myanimelist.net/anime/44942/Shuumatsu_no_Walküre
https://myanimelist.net/anime/45/Rurouni_Kenshin__Meiji_Kenkaku_Romantan
https://myanimelist.net/anime/48414/Sabikui_Bisco
https://myanimelist.net/anime/10687/Saint_Seiya__Legend_of_Sanctuary
https://myanimelist.net/anime/205/Samurai_Champloo
https://myanimelist.net/anime/14289/Sukitte_Ii_na_yo
https://myanimelist.net/anime/2476/School_Days
https://myanimelist.net/anime/339/Serial_Experiments_Lain
https://myanimelist.net/anime/42808/Shenmue_the_Animation
https://myanimelist.net/anime/16498/Shingeki_no_Kyojin
https://myanimelist.net/anime/9253/Steins_Gate
https://myanimelist.net/anime/37885/Super_Dragon_Ball_Heroes
https://myanimelist.net/anime/48580/Vanitas_no_Karte
https://myanimelist.net/anime/48761/Saihate_no_Paladin
https://myanimelist.net/anime/46985/Shinka_no_Mi__Shiranai_Uchi_ni_Kachigumi_Jinsei
https://myanimelist.net/anime/37779/Yakusoku_no_Neverland
https://myanimelist.net/anime/338/Versailles_no_Bara
https://myanimelist.net/anime/47161/Shikkakumon_no_Saikyou_Kenja
https://myanimelist.net/anime/47790/Sekai_Saikou_no_Ansatsusha_Isekai_Kizoku_ni_Tensei_suru
https://myanimelist.net/anime/40787/Josee_to_Tora_to_Sakana-tachi
https://myanimelist.net/anime/36511/Tokyo_Ghoul_re
https://myanimelist.net/anime/42249/Tokyo_Revengers
https://myanimelist.net/anime/4224/Toradora
https://myanimelist.net/anime/10033/Toriko
https://myanimelist.net/anime/41006/Higurashi_no_Naku_Koro_ni_Gou
https://myanimelist.net/anime/1023/Wolfs_Rain_OVA
https://myanimelist.net/anime/23273/Shigatsu_wa_Kimi_no_Uso
https://myanimelist.net/anime/392/Yuu☆Yuu☆Hakusho
https://myanimelist.net/anime/34866/Yu☆Gi☆Oh_VRAINS
https://myanimelist.net/anime/29317/Saenai_Heroine_no_Sodatekata__Ai_to_Seishun_no_Service-kai
